[07:23:30 +0000] [INFO]: NetworkX-cuGraph is unavailable: No module named 'cupy'.
INFO:nx_arangodb:NetworkX-cuGraph is unavailable: No module named 'cupy'.
Loading GraphML: data/schema_018.graphml
Loaded graph: 6 nodes, 7 edges
Arango config: {'host': 'http://localhost:8529', 'username': 'root', 'database_name': 'manufacturing_graphs', 'password': '***'}
üì§ Persisting graph 'manufacturing_schema_v1' to ArangoDB...
   Graph type: DiGraph
   Nodes: 6
   Edges: 7
   Write batch size: 10000
DEBUG:urllib3.connectionpool:Starting new HTTP connection (1): localhost:8529
DEBUG:urllib3.util.retry:Incremented Retry for (url='/_db/manufacturing_graphs/_api/collection'): Retry(total=2, connect=None, read=None, redirect=None, status=None)
WARNING:urllib3.connectionpool:Retrying (Retry(total=2, connect=None, read=None, redirect=None, status=None)) after connection broken by 'NewConnectionError("HTTPConnection(host='localhost', port=8529): Failed to establish a new connection: [Errno 111] Connection refused")': /_db/manufacturing_graphs/_api/collection
DEBUG:urllib3.connectionpool:Starting new HTTP connection (2): localhost:8529
DEBUG:urllib3.util.retry:Incremented Retry for (url='/_db/manufacturing_graphs/_api/collection'): Retry(total=1, connect=None, read=None, redirect=None, status=None)
WARNING:urllib3.connectionpool:Retrying (Retry(total=1, connect=None, read=None, redirect=None, status=None)) after connection broken by 'NewConnectionError("HTTPConnection(host='localhost', port=8529): Failed to establish a new connection: [Errno 111] Connection refused")': /_db/manufacturing_graphs/_api/collection
DEBUG:urllib3.connectionpool:Starting new HTTP connection (3): localhost:8529
DEBUG:urllib3.util.retry:Incremented Retry for (url='/_db/manufacturing_graphs/_api/collection'): Retry(total=0, connect=None, read=None, redirect=None, status=None)
WARNING:urllib3.connectionpool:Retrying (Retry(total=0, connect=None, read=None, redirect=None, status=None)) after connection broken by 'NewConnectionError("HTTPConnection(host='localhost', port=8529): Failed to establish a new connection: [Errno 111] Connection refused")': /_db/manufacturing_graphs/_api/collection
DEBUG:urllib3.connectionpool:Starting new HTTP connection (4): localhost:8529
DEBUG:root:ConnectionError: http://localhost:8529/_db/manufacturing_graphs/_api/collection
DEBUG:urllib3.connectionpool:Starting new HTTP connection (5): localhost:8529
DEBUG:urllib3.util.retry:Incremented Retry for (url='/_db/manufacturing_graphs/_api/collection'): Retry(total=2, connect=None, read=None, redirect=None, status=None)
WARNING:urllib3.connectionpool:Retrying (Retry(total=2, connect=None, read=None, redirect=None, status=None)) after connection broken by 'NewConnectionError("HTTPConnection(host='localhost', port=8529): Failed to establish a new connection: [Errno 111] Connection refused")': /_db/manufacturing_graphs/_api/collection
DEBUG:urllib3.connectionpool:Starting new HTTP connection (6): localhost:8529
DEBUG:urllib3.util.retry:Incremented Retry for (url='/_db/manufacturing_graphs/_api/collection'): Retry(total=1, connect=None, read=None, redirect=None, status=None)
WARNING:urllib3.connectionpool:Retrying (Retry(total=1, connect=None, read=None, redirect=None, status=None)) after connection broken by 'NewConnectionError("HTTPConnection(host='localhost', port=8529): Failed to establish a new connection: [Errno 111] Connection refused")': /_db/manufacturing_graphs/_api/collection
DEBUG:urllib3.connectionpool:Starting new HTTP connection (7): localhost:8529
DEBUG:urllib3.util.retry:Incremented Retry for (url='/_db/manufacturing_graphs/_api/collection'): Retry(total=0, connect=None, read=None, redirect=None, status=None)
WARNING:urllib3.connectionpool:Retrying (Retry(total=0, connect=None, read=None, redirect=None, status=None)) after connection broken by 'NewConnectionError("HTTPConnection(host='localhost', port=8529): Failed to establish a new connection: [Errno 111] Connection refused")': /_db/manufacturing_graphs/_api/collection
DEBUG:urllib3.connectionpool:Starting new HTTP connection (8): localhost:8529
DEBUG:root:ConnectionError: http://localhost:8529/_db/manufacturing_graphs/_api/collection
DEBUG:urllib3.connectionpool:Starting new HTTP connection (9): localhost:8529
DEBUG:urllib3.util.retry:Incremented Retry for (url='/_db/manufacturing_graphs/_api/collection'): Retry(total=2, connect=None, read=None, redirect=None, status=None)
WARNING:urllib3.connectionpool:Retrying (Retry(total=2, connect=None, read=None, redirect=None, status=None)) after connection broken by 'NewConnectionError("HTTPConnection(host='localhost', port=8529): Failed to establish a new connection: [Errno 111] Connection refused")': /_db/manufacturing_graphs/_api/collection
DEBUG:urllib3.connectionpool:Starting new HTTP connection (10): localhost:8529
DEBUG:urllib3.util.retry:Incremented Retry for (url='/_db/manufacturing_graphs/_api/collection'): Retry(total=1, connect=None, read=None, redirect=None, status=None)
WARNING:urllib3.connectionpool:Retrying (Retry(total=1, connect=None, read=None, redirect=None, status=None)) after connection broken by 'NewConnectionError("HTTPConnection(host='localhost', port=8529): Failed to establish a new connection: [Errno 111] Connection refused")': /_db/manufacturing_graphs/_api/collection
DEBUG:urllib3.connectionpool:Starting new HTTP connection (11): localhost:8529
DEBUG:urllib3.util.retry:Incremented Retry for (url='/_db/manufacturing_graphs/_api/collection'): Retry(total=0, connect=None, read=None, redirect=None, status=None)
WARNING:urllib3.connectionpool:Retrying (Retry(total=0, connect=None, read=None, redirect=None, status=None)) after connection broken by 'NewConnectionError("HTTPConnection(host='localhost', port=8529): Failed to establish a new connection: [Errno 111] Connection refused")': /_db/manufacturing_graphs/_api/collection
DEBUG:urllib3.connectionpool:Starting new HTTP connection (12): localhost:8529
DEBUG:root:ConnectionError: http://localhost:8529/_db/manufacturing_graphs/_api/collection
‚ùå Failed to persist graph: bad connection: Can't connect to host(s) within limit (3)
Persist failed with exception:
Traceback (most recent call last):
  File "/workspaces/20241019 Python/.venv/lib/python3.11/site-packages/arango/client.py", line 298, in db
    connection.ping()
  File "/workspaces/20241019 Python/.venv/lib/python3.11/site-packages/arango/connection.py", line 240, in ping
    resp = self.send_request(request)
           ^^^^^^^^^^^^^^^^^^^^^^^^^^
  File "/workspaces/20241019 Python/.venv/lib/python3.11/site-packages/arango/connection.py", line 323, in send_request
    return self.process_request(host_index, request, auth=self._auth)
           ^^^^^^^^^^^^^^^^^^^^^^^^^^^^^^^^^^^^^^^^^^^^^^^^^^^^^^^^^^
  File "/workspaces/20241019 Python/.venv/lib/python3.11/site-packages/arango/connection.py", line 190, in process_request
    raise ConnectionAbortedError(
ConnectionAbortedError: Can't connect to host(s) within limit (3)

During handling of the above exception, another exception occurred:

Traceback (most recent call last):
  File "/workspaces/20241019 Python/scripts/persist_to_arango.py", line 99, in main
    adb_graph = persistence.persist_graph(G, name=name, write_batch_size=10000, overwrite=True)
                ^^^^^^^^^^^^^^^^^^^^^^^^^^^^^^^^^^^^^^^^^^^^^^^^^^^^^^^^^^^^^^^^^^^^^^^^^^^^^^^
  File "/workspaces/20241019 Python/020_Entry_Point_ArangoDB_Graph_Persistence.py", line 143, in persist_graph
    adb_graph = nxadb.DiGraph(
                ^^^^^^^^^^^^^^
  File "/workspaces/20241019 Python/.venv/lib/python3.11/site-packages/nx_arangodb/classes/digraph.py", line 167, in __init__
    super().__init__(
  File "/workspaces/20241019 Python/.venv/lib/python3.11/site-packages/nx_arangodb/classes/graph.py", line 204, in __init__
    self.__set_db(db)
  File "/workspaces/20241019 Python/.venv/lib/python3.11/site-packages/nx_arangodb/classes/graph.py", line 345, in __set_db
    self.__db = ArangoClient(hosts=self._hosts, request_timeout=None).db(
                ^^^^^^^^^^^^^^^^^^^^^^^^^^^^^^^^^^^^^^^^^^^^^^^^^^^^^^^^^
  File "/workspaces/20241019 Python/.venv/lib/python3.11/site-packages/arango/client.py", line 302, in db
    raise ArangoClientError(f"bad connection: {err}")
arango.exceptions.ArangoClientError: bad connection: Can't connect to host(s) within limit (3)
